# JRE version: Java(TM) SE Runtime Environment (8.0_212-b10) (build 1.8.0_212-b10)
# Java VM: Java HotSpot(TM) 64-Bit Server VM (25.212-b10 mixed mode windows-amd64 compressed oops)
Heap:
 PSYoungGen      total 272896K, used 126447K [0x00000000d5f80000, 0x00000000eb080000, 0x0000000100000000)
  eden space 268800K, 45% used [0x00000000d5f80000,0x00000000dd76bc40,0x00000000e6600000)
  from space 4096K, 89% used [0x00000000eac80000,0x00000000eb010050,0x00000000eb080000)
  to   space 14848K, 0% used [0x00000000e9380000,0x00000000e9380000,0x00000000ea200000)
 ParOldGen       total 125440K, used 32789K [0x0000000081e00000, 0x0000000089880000, 0x00000000d5f80000)
  object space 125440K, 26% used [0x0000000081e00000,0x0000000083e05548,0x0000000089880000)
 Metaspace       used 76185K, capacity 81098K, committed 81280K, reserved 1120256K
  class space    used 10530K, capacity 11312K, committed 11392K, reserved 1048576K
GC Heap History (10 events):
Event: 3749.834 GC heap before
{Heap before GC invocations=23 (full 3):
 PSYoungGen      total 328704K, used 328640K [0x00000000d5f80000, 0x00000000ede80000, 0x0000000100000000)
  eden space 325120K, 100% used [0x00000000d5f80000,0x00000000e9d00000,0x00000000e9d00000)
  from space 3584K, 98% used [0x00000000ebc00000,0x00000000ebf70050,0x00000000ebf80000)
  to   space 18944K, 0% used [0x00000000ecc00000,0x00000000ecc00000,0x00000000ede80000)
 ParOldGen       total 125440K, used 32749K [0x0000000081e00000, 0x0000000089880000, 0x00000000d5f80000)
  object space 125440K, 26% used [0x0000000081e00000,0x0000000083dfb548,0x0000000089880000)
 Metaspace       used 75899K, capacity 80838K, committed 81024K, reserved 1118208K
  class space    used 10528K, capacity 11312K, committed 11392K, reserved 1048576K
Event: 3749.906 GC heap after
Heap after GC invocations=23 (full 3):
 PSYoungGen      total 317440K, used 4192K [0x00000000d5f80000, 0x00000000ed080000, 0x0000000100000000)
  eden space 312832K, 0% used [0x00000000d5f80000,0x00000000d5f80000,0x00000000e9100000)
  from space 4608K, 90% used [0x00000000ecc00000,0x00000000ed018050,0x00000000ed080000)
  to   space 17920K, 0% used [0x00000000ead80000,0x00000000ead80000,0x00000000ebf00000)
 ParOldGen       total 125440K, used 32757K [0x0000000081e00000, 0x0000000089880000, 0x00000000d5f80000)
  object space 125440K, 26% used [0x0000000081e00000,0x0000000083dfd548,0x0000000089880000)
 Metaspace       used 75899K, capacity 80838K, committed 81024K, reserved 1118208K
  class space    used 10528K, capacity 11312K, committed 11392K, reserved 1048576K
}
Event: 4454.822 GC heap before
{Heap before GC invocations=24 (full 3):
 PSYoungGen      total 317440K, used 317024K [0x00000000d5f80000, 0x00000000ed080000, 0x0000000100000000)
  eden space 312832K, 100% used [0x00000000d5f80000,0x00000000e9100000,0x00000000e9100000)
  from space 4608K, 90% used [0x00000000ecc00000,0x00000000ed018050,0x00000000ed080000)
  to   space 17920K, 0% used [0x00000000ead80000,0x00000000ead80000,0x00000000ebf00000)
 ParOldGen       total 125440K, used 32757K [0x0000000081e00000, 0x0000000089880000, 0x00000000d5f80000)
  object space 125440K, 26% used [0x0000000081e00000,0x0000000083dfd548,0x0000000089880000)
 Metaspace       used 75940K, capacity 80838K, committed 81024K, reserved 1118208K
  class space    used 10530K, capacity 11312K, committed 11392K, reserved 1048576K
Event: 4454.898 GC heap after
Heap after GC invocations=24 (full 3):
 PSYoungGen      total 305152K, used 3696K [0x00000000d5f80000, 0x00000000ecc80000, 0x0000000100000000)
  eden space 301056K, 0% used [0x00000000d5f80000,0x00000000d5f80000,0x00000000e8580000)
  from space 4096K, 90% used [0x00000000ead80000,0x00000000eb11c060,0x00000000eb180000)
  to   space 17408K, 0% used [0x00000000ebb80000,0x00000000ebb80000,0x00000000ecc80000)
 ParOldGen       total 125440K, used 32765K [0x0000000081e00000, 0x0000000089880000, 0x00000000d5f80000)
  object space 125440K, 26% used [0x0000000081e00000,0x0000000083dff548,0x0000000089880000)
 Metaspace       used 75940K, capacity 80838K, committed 81024K, reserved 1118208K
  class space    used 10530K, capacity 11312K, committed 11392K, reserved 1048576K
}
Event: 5181.834 GC heap before
{Heap before GC invocations=25 (full 3):
 PSYoungGen      total 305152K, used 304752K [0x00000000d5f80000, 0x00000000ecc80000, 0x0000000100000000)
  eden space 301056K, 100% used [0x00000000d5f80000,0x00000000e8580000,0x00000000e8580000)
  from space 4096K, 90% used [0x00000000ead80000,0x00000000eb11c060,0x00000000eb180000)
  to   space 17408K, 0% used [0x00000000ebb80000,0x00000000ebb80000,0x00000000ecc80000)
 ParOldGen       total 125440K, used 32765K [0x0000000081e00000, 0x0000000089880000, 0x00000000d5f80000)
  object space 125440K, 26% used [0x0000000081e00000,0x0000000083dff548,0x0000000089880000)
 Metaspace       used 76174K, capacity 81098K, committed 81280K, reserved 1120256K
  class space    used 10530K, capacity 11312K, committed 11392K, reserved 1048576K
Event: 5181.885 GC heap after
Heap after GC invocations=25 (full 3):
 PSYoungGen      total 293888K, used 3744K [0x00000000d5f80000, 0x00000000ebf80000, 0x0000000100000000)
  eden space 289792K, 0% used [0x00000000d5f80000,0x00000000d5f80000,0x00000000e7a80000)
  from space 4096K, 91% used [0x00000000ebb80000,0x00000000ebf28050,0x00000000ebf80000)
  to   space 16384K, 0% used [0x00000000e9f80000,0x00000000e9f80000,0x00000000eaf80000)
 ParOldGen       total 125440K, used 32773K [0x0000000081e00000, 0x0000000089880000, 0x00000000d5f80000)
  object space 125440K, 26% used [0x0000000081e00000,0x0000000083e01548,0x0000000089880000)
 Metaspace       used 76174K, capacity 81098K, committed 81280K, reserved 1120256K
  class space    used 10530K, capacity 11312K, committed 11392K, reserved 1048576K
}
Event: 5914.099 GC heap before
{Heap before GC invocations=26 (full 3):
 PSYoungGen      total 293888K, used 293536K [0x00000000d5f80000, 0x00000000ebf80000, 0x0000000100000000)
  eden space 289792K, 100% used [0x00000000d5f80000,0x00000000e7a80000,0x00000000e7a80000)
  from space 4096K, 91% used [0x00000000ebb80000,0x00000000ebf28050,0x00000000ebf80000)
  to   space 16384K, 0% used [0x00000000e9f80000,0x00000000e9f80000,0x00000000eaf80000)
 ParOldGen       total 125440K, used 32773K [0x0000000081e00000, 0x0000000089880000, 0x00000000d5f80000)
  object space 125440K, 26% used [0x0000000081e00000,0x0000000083e01548,0x0000000089880000)
 Metaspace       used 76178K, capacity 81098K, committed 81280K, reserved 1120256K
  class space    used 10530K, capacity 11312K, committed 11392K, reserved 1048576K
Event: 5914.140 GC heap after
Heap after GC invocations=26 (full 3):
 PSYoungGen      total 283648K, used 4352K [0x00000000d5f80000, 0x00000000ebc00000, 0x0000000100000000)
  eden space 279040K, 0% used [0x00000000d5f80000,0x00000000d5f80000,0x00000000e7000000)
  from space 4608K, 94% used [0x00000000e9f80000,0x00000000ea3c0050,0x00000000ea400000)
  to   space 15872K, 0% used [0x00000000eac80000,0x00000000eac80000,0x00000000ebc00000)
 ParOldGen       total 125440K, used 32781K [0x0000000081e00000, 0x0000000089880000, 0x00000000d5f80000)
  object space 125440K, 26% used [0x0000000081e00000,0x0000000083e03548,0x0000000089880000)
 Metaspace       used 76178K, capacity 81098K, committed 81280K, reserved 1120256K
  class space    used 10530K, capacity 11312K, committed 11392K, reserved 1048576K
}
Event: 6687.151 GC heap before
{Heap before GC invocations=27 (full 3):
 PSYoungGen      total 283648K, used 283392K [0x00000000d5f80000, 0x00000000ebc00000, 0x0000000100000000)
  eden space 279040K, 100% used [0x00000000d5f80000,0x00000000e7000000,0x00000000e7000000)
  from space 4608K, 94% used [0x00000000e9f80000,0x00000000ea3c0050,0x00000000ea400000)
  to   space 15872K, 0% used [0x00000000eac80000,0x00000000eac80000,0x00000000ebc00000)
 ParOldGen       total 125440K, used 32781K [0x0000000081e00000, 0x0000000089880000, 0x00000000d5f80000)
  object space 125440K, 26% used [0x0000000081e00000,0x0000000083e03548,0x0000000089880000)
 Metaspace       used 76185K, capacity 81098K, committed 81280K, reserved 1120256K
  class space    used 10530K, capacity 11312K, committed 11392K, reserved 1048576K
Event: 6687.284 GC heap after
Heap after GC invocations=27 (full 3):
 PSYoungGen      total 272896K, used 3648K [0x00000000d5f80000, 0x00000000eb080000, 0x0000000100000000)
  eden space 268800K, 0% used [0x00000000d5f80000,0x00000000d5f80000,0x00000000e6600000)
  from space 4096K, 89% used [0x00000000eac80000,0x00000000eb010050,0x00000000eb080000)
  to   space 14848K, 0% used [0x00000000e9380000,0x00000000e9380000,0x00000000ea200000)
 ParOldGen       total 125440K, used 32789K [0x0000000081e00000, 0x0000000089880000, 0x00000000d5f80000)
  object space 125440K, 26% used [0x0000000081e00000,0x0000000083e05548,0x0000000089880000)
 Metaspace       used 76185K, capacity 81098K, committed 81280K, reserved 1120256K
  class space    used 10530K, capacity 11312K, committed 11392K, reserved 1048576K
}

